{"/var/www/nuxt/pj.nuxt.devserv.me/store/todo.ts": {"path":"/var/www/nuxt/pj.nuxt.devserv.me/store/todo.ts","all":false,"statementMap":{"0":{"start":{"line":1,"column":0},"end":{"line":1,"column":36}},"1":{"start":{"line":2,"column":0},"end":{"line":2,"column":33}},"2":{"start":{"line":3,"column":0},"end":{"line":3,"column":0}},"3":{"start":{"line":4,"column":0},"end":{"line":4,"column":0}},"4":{"start":{"line":5,"column":0},"end":{"line":5,"column":35}},"5":{"start":{"line":6,"column":0},"end":{"line":6,"column":23}},"6":{"start":{"line":7,"column":0},"end":{"line":7,"column":15}},"7":{"start":{"line":8,"column":0},"end":{"line":8,"column":18}},"8":{"start":{"line":9,"column":0},"end":{"line":9,"column":18}},"9":{"start":{"line":10,"column":0},"end":{"line":10,"column":20}},"10":{"start":{"line":11,"column":0},"end":{"line":11,"column":20}},"11":{"start":{"line":12,"column":0},"end":{"line":12,"column":1}},"12":{"start":{"line":13,"column":0},"end":{"line":13,"column":26}},"13":{"start":{"line":14,"column":0},"end":{"line":14,"column":17}},"14":{"start":{"line":15,"column":0},"end":{"line":15,"column":1}},"15":{"start":{"line":16,"column":0},"end":{"line":16,"column":29}},"16":{"start":{"line":17,"column":0},"end":{"line":17,"column":19}},"17":{"start":{"line":18,"column":0},"end":{"line":18,"column":19}},"18":{"start":{"line":19,"column":0},"end":{"line":19,"column":1}},"19":{"start":{"line":20,"column":0},"end":{"line":20,"column":28}},"20":{"start":{"line":21,"column":0},"end":{"line":21,"column":32}},"21":{"start":{"line":22,"column":0},"end":{"line":22,"column":1}},"22":{"start":{"line":23,"column":0},"end":{"line":23,"column":33}},"23":{"start":{"line":24,"column":0},"end":{"line":24,"column":13}},"24":{"start":{"line":25,"column":0},"end":{"line":25,"column":3}},"25":{"start":{"line":26,"column":0},"end":{"line":26,"column":0}},"26":{"start":{"line":27,"column":0},"end":{"line":27,"column":24}},"27":{"start":{"line":28,"column":0},"end":{"line":28,"column":17}},"28":{"start":{"line":29,"column":0},"end":{"line":29,"column":53}},"29":{"start":{"line":30,"column":0},"end":{"line":30,"column":64}},"30":{"start":{"line":31,"column":0},"end":{"line":31,"column":6}},"31":{"start":{"line":32,"column":0},"end":{"line":32,"column":44}},"32":{"start":{"line":33,"column":0},"end":{"line":33,"column":110}},"33":{"start":{"line":34,"column":0},"end":{"line":34,"column":37}},"34":{"start":{"line":35,"column":0},"end":{"line":35,"column":34}},"35":{"start":{"line":36,"column":0},"end":{"line":36,"column":61}},"36":{"start":{"line":37,"column":0},"end":{"line":37,"column":12}},"37":{"start":{"line":38,"column":0},"end":{"line":38,"column":9}},"38":{"start":{"line":39,"column":0},"end":{"line":39,"column":5}},"39":{"start":{"line":40,"column":0},"end":{"line":40,"column":1}},"40":{"start":{"line":41,"column":0},"end":{"line":41,"column":0}},"41":{"start":{"line":42,"column":0},"end":{"line":42,"column":24}},"42":{"start":{"line":43,"column":0},"end":{"line":43,"column":17}},"43":{"start":{"line":44,"column":0},"end":{"line":44,"column":31}},"44":{"start":{"line":45,"column":0},"end":{"line":45,"column":28}},"45":{"start":{"line":46,"column":0},"end":{"line":46,"column":23}},"46":{"start":{"line":47,"column":0},"end":{"line":47,"column":27}},"47":{"start":{"line":48,"column":0},"end":{"line":48,"column":24}},"48":{"start":{"line":49,"column":0},"end":{"line":49,"column":34}},"49":{"start":{"line":50,"column":0},"end":{"line":50,"column":33}},"50":{"start":{"line":51,"column":0},"end":{"line":51,"column":10}},"51":{"start":{"line":52,"column":0},"end":{"line":52,"column":30}},"52":{"start":{"line":53,"column":0},"end":{"line":53,"column":6}},"53":{"start":{"line":54,"column":0},"end":{"line":54,"column":24}},"54":{"start":{"line":55,"column":0},"end":{"line":55,"column":63}},"55":{"start":{"line":56,"column":0},"end":{"line":56,"column":6}},"56":{"start":{"line":57,"column":0},"end":{"line":57,"column":0}},"57":{"start":{"line":58,"column":0},"end":{"line":58,"column":213}},"58":{"start":{"line":59,"column":0},"end":{"line":59,"column":47}},"59":{"start":{"line":60,"column":0},"end":{"line":60,"column":46}},"60":{"start":{"line":61,"column":0},"end":{"line":61,"column":77}},"61":{"start":{"line":62,"column":0},"end":{"line":62,"column":10}},"62":{"start":{"line":63,"column":0},"end":{"line":63,"column":8}},"63":{"start":{"line":64,"column":0},"end":{"line":64,"column":0}},"64":{"start":{"line":65,"column":0},"end":{"line":65,"column":44}},"65":{"start":{"line":66,"column":0},"end":{"line":66,"column":67}},"66":{"start":{"line":67,"column":0},"end":{"line":67,"column":29}},"67":{"start":{"line":68,"column":0},"end":{"line":68,"column":33}},"68":{"start":{"line":69,"column":0},"end":{"line":69,"column":22}},"69":{"start":{"line":70,"column":0},"end":{"line":70,"column":33}},"70":{"start":{"line":71,"column":0},"end":{"line":71,"column":9}},"71":{"start":{"line":72,"column":0},"end":{"line":72,"column":5}},"72":{"start":{"line":73,"column":0},"end":{"line":73,"column":2}},"73":{"start":{"line":74,"column":0},"end":{"line":74,"column":0}},"74":{"start":{"line":75,"column":0},"end":{"line":75,"column":54}},"75":{"start":{"line":76,"column":0},"end":{"line":76,"column":10}},"76":{"start":{"line":77,"column":0},"end":{"line":77,"column":12}},"77":{"start":{"line":78,"column":0},"end":{"line":78,"column":11}},"78":{"start":{"line":79,"column":0},"end":{"line":79,"column":3}}},"s":{"0":1,"1":1,"2":1,"3":1,"4":1,"5":1,"6":1,"7":1,"8":1,"9":1,"10":1,"11":1,"12":1,"13":1,"14":1,"15":1,"16":1,"17":1,"18":1,"19":1,"20":1,"21":1,"22":1,"23":8,"24":8,"25":1,"26":1,"27":1,"28":1,"29":1,"30":1,"31":1,"32":1,"33":1,"34":1,"35":4,"36":1,"37":1,"38":1,"39":1,"40":1,"41":1,"42":1,"43":1,"44":5,"45":5,"46":5,"47":5,"48":5,"49":5,"50":5,"51":5,"52":5,"53":1,"54":1,"55":1,"56":1,"57":1,"58":1,"59":1,"60":1,"61":1,"62":1,"63":1,"64":1,"65":2,"66":2,"67":2,"68":2,"69":2,"70":2,"71":2,"72":2,"73":1,"74":1,"75":1,"76":1,"77":1,"78":1},"branchMap":{"0":{"type":"branch","line":23,"loc":{"start":{"line":23,"column":14},"end":{"line":25,"column":3}},"locations":[{"start":{"line":23,"column":14},"end":{"line":25,"column":3}}]},"1":{"type":"branch","line":29,"loc":{"start":{"line":29,"column":14},"end":{"line":31,"column":6}},"locations":[{"start":{"line":29,"column":14},"end":{"line":31,"column":6}}]},"2":{"type":"branch","line":29,"loc":{"start":{"line":29,"column":37},"end":{"line":31,"column":6}},"locations":[{"start":{"line":29,"column":37},"end":{"line":31,"column":6}}]},"3":{"type":"branch","line":30,"loc":{"start":{"line":30,"column":33},"end":{"line":30,"column":64}},"locations":[{"start":{"line":30,"column":33},"end":{"line":30,"column":64}}]},"4":{"type":"branch","line":32,"loc":{"start":{"line":32,"column":22},"end":{"line":40,"column":1}},"locations":[{"start":{"line":32,"column":22},"end":{"line":40,"column":1}}]},"5":{"type":"branch","line":35,"loc":{"start":{"line":35,"column":13},"end":{"line":36,"column":61}},"locations":[{"start":{"line":35,"column":13},"end":{"line":36,"column":61}}]},"6":{"type":"branch","line":44,"loc":{"start":{"line":44,"column":4},"end":{"line":53,"column":6}},"locations":[{"start":{"line":44,"column":4},"end":{"line":53,"column":6}}]},"7":{"type":"branch","line":54,"loc":{"start":{"line":54,"column":4},"end":{"line":56,"column":6}},"locations":[{"start":{"line":54,"column":4},"end":{"line":56,"column":6}}]},"8":{"type":"branch","line":55,"loc":{"start":{"line":55,"column":39},"end":{"line":55,"column":63}},"locations":[{"start":{"line":55,"column":39},"end":{"line":55,"column":63}}]},"9":{"type":"branch","line":65,"loc":{"start":{"line":65,"column":4},"end":{"line":73,"column":2}},"locations":[{"start":{"line":65,"column":4},"end":{"line":73,"column":2}}]},"10":{"type":"branch","line":66,"loc":{"start":{"line":66,"column":43},"end":{"line":66,"column":67}},"locations":[{"start":{"line":66,"column":43},"end":{"line":66,"column":67}}]},"11":{"type":"branch","line":79,"loc":{"start":{"line":79,"column":1},"end":{"line":79,"column":3}},"locations":[{"start":{"line":79,"column":1},"end":{"line":79,"column":3}}]}},"b":{"0":[8],"1":[1],"2":[1],"3":[1],"4":[1],"5":[4],"6":[5],"7":[1],"8":[1],"9":[2],"10":[2],"11":[7]},"fnMap":{"0":{"name":"state","decl":{"start":{"line":23,"column":14},"end":{"line":25,"column":3}},"loc":{"start":{"line":23,"column":14},"end":{"line":25,"column":3}},"line":23},"1":{"name":"getById","decl":{"start":{"line":29,"column":14},"end":{"line":31,"column":6}},"loc":{"start":{"line":29,"column":14},"end":{"line":31,"column":6}},"line":29},"2":{"name":"getOrderedTodos","decl":{"start":{"line":32,"column":22},"end":{"line":40,"column":1}},"loc":{"start":{"line":32,"column":22},"end":{"line":40,"column":1}},"line":32},"3":{"name":"add","decl":{"start":{"line":44,"column":4},"end":{"line":53,"column":6}},"loc":{"start":{"line":44,"column":4},"end":{"line":53,"column":6}},"line":44},"4":{"name":"remove","decl":{"start":{"line":54,"column":4},"end":{"line":56,"column":6}},"loc":{"start":{"line":54,"column":4},"end":{"line":56,"column":6}},"line":54},"5":{"name":"update","decl":{"start":{"line":65,"column":4},"end":{"line":73,"column":2}},"loc":{"start":{"line":65,"column":4},"end":{"line":73,"column":2}},"line":65},"6":{"name":"get","decl":{"start":{"line":79,"column":1},"end":{"line":79,"column":3}},"loc":{"start":{"line":79,"column":1},"end":{"line":79,"column":3}},"line":79}},"f":{"0":8,"1":1,"2":1,"3":5,"4":1,"5":2,"6":7}}
}
